2020-02-13 11:35:25,439 - basicLogger - INFO - {"customer_id": "uvdmwskmtrvqkdmchuqr", "item_id": "fpqkwzbmvpuzqbrymtzn", "item_name": "SELL aatqcvqidblxxrm", "seller_id": "xnvevmnjhevihxiylrxw", "time_stamp": "2020-01-22T17:58:19"}
2020-02-13 11:35:25,439 - basicLogger - INFO - Adding new sell request...
2020-02-13 11:35:25,480 - basicLogger - INFO - Added new sell request to database
2020-02-13 11:35:25,771 - basicLogger - INFO - {"customer_id": "cepzsmqzcyhyvfjzlplr", "item_id": "byypnxvmscbmiplpyraa", "item_name": "SELL thydcweyzcipygq", "seller_id": "idktlqwyjvwhpqcktycu", "time_stamp": "2020-01-22T17:58:19"}
2020-02-13 11:35:25,771 - basicLogger - INFO - Adding new sell request...
2020-02-13 11:35:25,784 - basicLogger - INFO - Added new sell request to database
2020-02-13 11:35:26,106 - basicLogger - INFO - {"customer_id": "orivrhllaxgyyovysujf", "item_id": "bgmjtpmtelmepixvscwy", "item_name": "SELL lmeekpmtcpdsmxz", "seller_id": "daoobphaiqkcneechesd", "time_stamp": "2020-01-22T17:58:19"}
2020-02-13 11:35:26,106 - basicLogger - INFO - Adding new sell request...
2020-02-13 11:35:26,120 - basicLogger - INFO - Added new sell request to database
2020-02-13 11:35:30,450 - basicLogger - INFO - {"customer_id": "xfjpzctgblwhrrbmersl", "item_id": "mcaqwhjqqyyjeodtepdh", "item_name": "BUY bougveddnxdxwpe", "seller_id": "goooezmiwqlgccnijbrz", "time_stamp": "2020-01-22T17:58:19.701395Z"}
2020-02-13 11:35:30,450 - basicLogger - INFO - Adding new buy request...
2020-02-13 11:35:30,465 - basicLogger - INFO - Added new buy request to database
2020-02-13 11:35:30,778 - basicLogger - INFO - {"customer_id": "ppcyyudawwzfagqkksdm", "item_id": "hqpzulzwtisjhbdregoj", "item_name": "BUY wghbpwrrkpildls", "seller_id": "dchgrvbldxiltxropqeb", "time_stamp": "2020-01-22T17:58:19.701395Z"}
2020-02-13 11:35:30,779 - basicLogger - INFO - Adding new buy request...
2020-02-13 11:35:30,792 - basicLogger - INFO - Added new buy request to database
2020-02-13 11:35:31,116 - basicLogger - INFO - {"customer_id": "twanxorlqwecauopuiaw", "item_id": "cpvagcgbuhawhpppzvst", "item_name": "BUY rdipxsctatdlydu", "seller_id": "wkatuvmyivxlvbixljjg", "time_stamp": "2020-01-22T17:58:19.701395Z"}
2020-02-13 11:35:31,116 - basicLogger - INFO - Adding new buy request...
2020-02-13 11:35:31,129 - basicLogger - INFO - Added new buy request to database
2020-03-05 10:24:55,094 - basicLogger - INFO - {"customer_id": "d290f1ee-6c54-4b01-90e6-d701748f0851", "item_id": "d290f1ee-6c54-4b01-90e6-d701748f0851", "item_name": "Test Sell Aloha New", "seller_id": "d290f1ee-6c54-4b01-90e6-d701748f0851", "time_stamp": "2016-08-29T09:12:33.001000+00:00"}
2020-03-05 10:24:55,095 - basicLogger - INFO - Adding new sell request...
2020-03-05 10:24:55,396 - basicLogger - INFO - Added new sell request to database
2020-03-05 10:25:23,613 - basicLogger - INFO - {"customer_id": "d290f1ee-6c54-4b01-90e6-d701748f0851", "item_id": "d290f1ee-6c54-4b01-90e6-d701748f0851", "item_name": "Test Sell Aloha New", "seller_id": "d290f1ee-6c54-4b01-90e6-d701748f0851", "time_stamp": "2016-08-29T09:12:33.001000+00:00"}
2020-03-05 10:25:23,613 - basicLogger - INFO - Adding new sell request...
2020-03-05 10:25:23,663 - basicLogger - INFO - Added new sell request to database
2020-03-05 10:27:18,211 - basicLogger - INFO - {"customer_id": "d290f1ee-6c54-4b01-90e6-d701748f0851", "item_id": "d290f1ee-6c54-4b01-90e6-d701748f0851", "item_name": "Test Sell Aloha New", "seller_id": "d290f1ee-6c54-4b01-90e6-d701748f0851", "time_stamp": "2016-08-29T09:12:33.001000+00:00"}
2020-03-05 10:27:18,211 - basicLogger - INFO - Adding new sell request...
2020-03-05 10:27:18,260 - basicLogger - INFO - Added new sell request to database
2020-03-05 10:35:33,668 - basicLogger - INFO - {"customer_id": "d290f1ee-6c54-4b01-90e6-d701748f0851", "item_id": "d290f1ee-6c54-4b01-90e6-d701748f0851", "item_name": "Test Sell Aloha New", "seller_id": "d290f1ee-6c54-4b01-90e6-d701748f0851", "time_stamp": "2016-08-29T09:12:33.001000+00:00"}
2020-03-05 10:35:33,668 - basicLogger - INFO - Adding new sell request...
2020-03-05 10:35:33,963 - basicLogger - INFO - Added new sell request to database
2020-03-05 10:36:59,947 - basicLogger - INFO - {"customer_id": "d290f1ee-6c54-4b01-90e6-d701748f0851", "item_id": "d290f1ee-6c54-4b01-90e6-d701748f0851", "item_name": "Test Buy  Yay End New", "seller_id": "d290f1ee-6c54-4b01-90e6-d701748f0851", "time_stamp": "2016-08-29T09:12:33.001000+00:00"}
2020-03-05 10:36:59,947 - basicLogger - INFO - Adding new buy request...
2020-03-05 10:37:00,010 - basicLogger - INFO - Added new buy request to database
2020-03-05 10:37:18,656 - basicLogger - INFO - {"customer_id": "d290f1ee-6c54-4b01-90e6-d701748f0851", "item_id": "d290f1ee-6c54-4b01-90e6-d701748f0851", "item_name": "Test Buy  Yay End New", "seller_id": "d290f1ee-6c54-4b01-90e6-d701748f0851", "time_stamp": "2016-08-29T09:12:33.001000+00:00"}
2020-03-05 10:37:18,656 - basicLogger - INFO - Adding new buy request...
2020-03-05 10:37:18,717 - basicLogger - INFO - Added new buy request to database
